[2020-02-12 10:58:58,499] INFO: [param_loader] table = {'1': [1, 3],
 '2': [1, 7],
 '3': [1, 8],
 '4': [1, 10],
 'close': [1, 2],
 'open': [1, 1]}
[2020-02-12 10:58:58,499] INFO: [param_loader] AMR_URI = http://192.168.64.12:6060/
[2020-02-12 10:58:58,499] INFO: [param_loader] AMR_MQTT_NAME = ['AMR250_3']
[2020-02-12 10:58:58,499] INFO: [param_loader] AMR_MQTT_NAME = elevator_server
[2020-02-12 10:58:58,499] INFO: [param_loader] BROKER_IP = 192.168.64.10
[2020-02-12 10:58:58,499] INFO: [param_loader] NOTIFY_MAX_RETRY_TIME = 60
[2020-02-12 10:58:58,499] INFO: [param_loader] REC_TIMEOUT = 0.1
[2020-02-12 10:58:58,499] INFO: [param_loader] IS_VERBOSE = False
[2020-02-12 10:58:58,499] INFO: [param_loader] IS_SIMULATION = False
[2020-02-12 10:58:58,499] INFO: [param_loader] DOOR_OPEN_LIMIT_TIME = 60.0
[2020-02-12 10:58:58,499] INFO: [param_loader] WAIT_REACH_LIMIT_TIME = 300.0
[2020-02-12 10:58:58,500] INFO: [param_loader] SLIENCE_MIN_COUNTER = 5
[2020-02-12 10:58:58,500] INFO: [param_loader] FLOOR_LED_CONFIRMATION_MAX_TIME = [0.6, 0.6]
[2020-02-12 10:58:58,500] INFO: [param_loader] FLOOR_LED_CONFIRMATION_MIN_TIME = [0.3, 0.3]
[2020-02-12 10:58:58,500] INFO: [param_loader] WAIT_DOOR_LIMIT = 20
[2020-02-12 10:58:58,500] INFO: [param_loader] is_using_rss = True
[2020-02-12 10:58:58,500] INFO: [param_loader] IS_USING_MQTT = True
[2020-02-12 10:58:58,500] INFO: [param_loader] IS_USING_HTTP = True
[2020-02-12 10:58:58,500] INFO: [param_loader] CORP_ID = ww0692f024800a89da
[2020-02-12 10:58:58,500] INFO: [param_loader] CORP_SECRET = aKA9FsvaU02m5UH4uuYKOq3KGcud2UqXDJoaPhlzDjg
[2020-02-12 10:58:58,500] INFO: [param_loader] AGENT_ID = 1000005
[2020-02-12 10:58:58,500] INFO: [param_loader] ENABLE_VERIFY_DOOR_STATUS = False
[2020-02-12 10:58:58,500] INFO: [param_loader] CLOSE_EYE_WAIT_DOOR_SEC = 3
[2020-02-12 11:08:57,767] INFO: [param_loader] table = {'1': [1, 3],
 '2': [1, 7],
 '3': [1, 8],
 '4': [1, 9],
 'close': [1, 1],
 'open': [1, 2]}
[2020-02-12 11:08:57,767] INFO: [param_loader] AMR_URI = http://192.168.30.48:6060/
[2020-02-12 11:08:57,768] INFO: [param_loader] AMR_MQTT_NAME = ['AMR250_TEST']
[2020-02-12 11:08:57,768] INFO: [param_loader] AMR_MQTT_NAME = elevator_server
[2020-02-12 11:08:57,768] INFO: [param_loader] BROKER_IP = iot.eclipse.org
[2020-02-12 11:08:57,768] INFO: [param_loader] NOTIFY_MAX_RETRY_TIME = 60
[2020-02-12 11:08:57,768] INFO: [param_loader] REC_TIMEOUT = 0.1
[2020-02-12 11:08:57,768] INFO: [param_loader] IS_VERBOSE = False
[2020-02-12 11:08:57,768] INFO: [param_loader] IS_SIMULATION = False
[2020-02-12 11:08:57,768] INFO: [param_loader] DOOR_OPEN_LIMIT_TIME = 60.0
[2020-02-12 11:08:57,768] INFO: [param_loader] WAIT_REACH_LIMIT_TIME = 300.0
[2020-02-12 11:08:57,768] INFO: [param_loader] SLIENCE_MIN_COUNTER = 5
[2020-02-12 11:08:57,768] INFO: [param_loader] FLOOR_LED_CONFIRMATION_MAX_TIME = [2, 2]
[2020-02-12 11:08:57,768] INFO: [param_loader] FLOOR_LED_CONFIRMATION_MIN_TIME = [0.5, 0.5]
[2020-02-12 11:08:57,768] INFO: [param_loader] WAIT_DOOR_LIMIT = 20
[2020-02-12 11:08:57,768] INFO: [param_loader] is_using_rss = False
[2020-02-12 11:08:57,768] INFO: [param_loader] IS_USING_MQTT = True
[2020-02-12 11:08:57,768] INFO: [param_loader] IS_USING_HTTP = True
[2020-02-12 11:08:57,768] INFO: [param_loader] IS_USING_XBEE = False
[2020-02-12 11:08:57,768] INFO: [param_loader] CORP_ID = ww0692f024800a89da
[2020-02-12 11:08:57,768] INFO: [param_loader] CORP_SECRET = aKA9FsvaU02m5UH4uuYKOq3KGcud2UqXDJoaPhlzDjg
[2020-02-12 11:08:57,769] INFO: [param_loader] AGENT_ID = 1000005
[2020-02-12 11:08:57,769] INFO: [param_loader] ENABLE_VERIFY_DOOR_STATUS = False
[2020-02-12 11:08:57,769] INFO: [param_loader] CLOSE_EYE_WAIT_DOOR_SEC = 3
[2020-02-12 11:08:57,769] INFO: [param_loader] XBEE_HOST_IP = 195.0.0.13
[2020-02-12 11:09:33,118] INFO: [param_loader] table = {'1': [1, 3],
 '2': [1, 7],
 '3': [1, 8],
 '4': [1, 9],
 'close': [1, 1],
 'open': [1, 2]}
[2020-02-12 11:09:33,118] INFO: [param_loader] AMR_URI = http://192.168.30.48:6060/
[2020-02-12 11:09:33,118] INFO: [param_loader] AMR_MQTT_NAME = ['AMR250_TEST']
[2020-02-12 11:09:33,118] INFO: [param_loader] AMR_MQTT_NAME = elevator_server
[2020-02-12 11:09:33,118] INFO: [param_loader] BROKER_IP = iot.eclipse.org
[2020-02-12 11:09:33,118] INFO: [param_loader] NOTIFY_MAX_RETRY_TIME = 60
[2020-02-12 11:09:33,118] INFO: [param_loader] REC_TIMEOUT = 0.1
[2020-02-12 11:09:33,118] INFO: [param_loader] IS_VERBOSE = False
[2020-02-12 11:09:33,118] INFO: [param_loader] IS_SIMULATION = False
[2020-02-12 11:09:33,118] INFO: [param_loader] DOOR_OPEN_LIMIT_TIME = 60.0
[2020-02-12 11:09:33,118] INFO: [param_loader] WAIT_REACH_LIMIT_TIME = 300.0
[2020-02-12 11:09:33,119] INFO: [param_loader] SLIENCE_MIN_COUNTER = 5
[2020-02-12 11:09:33,119] INFO: [param_loader] FLOOR_LED_CONFIRMATION_MAX_TIME = [2, 2]
[2020-02-12 11:09:33,119] INFO: [param_loader] FLOOR_LED_CONFIRMATION_MIN_TIME = [0.5, 0.5]
[2020-02-12 11:09:33,119] INFO: [param_loader] WAIT_DOOR_LIMIT = 20
[2020-02-12 11:09:33,119] INFO: [param_loader] is_using_rss = False
[2020-02-12 11:09:33,119] INFO: [param_loader] IS_USING_MQTT = True
[2020-02-12 11:09:33,119] INFO: [param_loader] IS_USING_HTTP = True
[2020-02-12 11:09:33,119] INFO: [param_loader] IS_USING_XBEE = False
[2020-02-12 11:09:33,119] INFO: [param_loader] CORP_ID = ww0692f024800a89da
[2020-02-12 11:09:33,119] INFO: [param_loader] CORP_SECRET = aKA9FsvaU02m5UH4uuYKOq3KGcud2UqXDJoaPhlzDjg
[2020-02-12 11:09:33,119] INFO: [param_loader] AGENT_ID = 1000005
[2020-02-12 11:09:33,119] INFO: [param_loader] ENABLE_VERIFY_DOOR_STATUS = False
[2020-02-12 11:09:33,119] INFO: [param_loader] CLOSE_EYE_WAIT_DOOR_SEC = 3
[2020-02-12 11:09:33,119] INFO: [param_loader] XBEE_HOST_IP = 195.0.0.13
[2020-02-12 11:12:28,964] INFO: [param_loader] table = {'1': [1, 3],
 '2': [1, 7],
 '3': [1, 8],
 '4': [1, 9],
 'close': [1, 1],
 'open': [1, 2]}
[2020-02-12 11:12:28,964] INFO: [param_loader] AMR_URI = http://192.168.30.48:6060/
[2020-02-12 11:12:28,964] INFO: [param_loader] AMR_MQTT_NAME = ['AMR250_TEST']
[2020-02-12 11:12:28,964] INFO: [param_loader] AMR_MQTT_NAME = elevator_server
[2020-02-12 11:12:28,964] INFO: [param_loader] BROKER_IP = iot.eclipse.org
[2020-02-12 11:12:28,965] INFO: [param_loader] NOTIFY_MAX_RETRY_TIME = 60
[2020-02-12 11:12:28,965] INFO: [param_loader] REC_TIMEOUT = 0.1
[2020-02-12 11:12:28,965] INFO: [param_loader] IS_VERBOSE = False
[2020-02-12 11:12:28,965] INFO: [param_loader] IS_SIMULATION = False
[2020-02-12 11:12:28,965] INFO: [param_loader] DOOR_OPEN_LIMIT_TIME = 60.0
[2020-02-12 11:12:28,965] INFO: [param_loader] WAIT_REACH_LIMIT_TIME = 300.0
[2020-02-12 11:12:28,965] INFO: [param_loader] SLIENCE_MIN_COUNTER = 5
[2020-02-12 11:12:28,965] INFO: [param_loader] FLOOR_LED_CONFIRMATION_MAX_TIME = [2, 2]
[2020-02-12 11:12:28,965] INFO: [param_loader] FLOOR_LED_CONFIRMATION_MIN_TIME = [0.5, 0.5]
[2020-02-12 11:12:28,965] INFO: [param_loader] WAIT_DOOR_LIMIT = 20
[2020-02-12 11:12:28,965] INFO: [param_loader] is_using_rss = False
[2020-02-12 11:12:28,965] INFO: [param_loader] IS_USING_MQTT = True
[2020-02-12 11:12:28,966] INFO: [param_loader] IS_USING_HTTP = True
[2020-02-12 11:12:28,966] INFO: [param_loader] IS_USING_XBEE = False
[2020-02-12 11:12:28,966] INFO: [param_loader] CORP_ID = ww0692f024800a89da
[2020-02-12 11:12:28,966] INFO: [param_loader] CORP_SECRET = aKA9FsvaU02m5UH4uuYKOq3KGcud2UqXDJoaPhlzDjg
[2020-02-12 11:12:28,966] INFO: [param_loader] AGENT_ID = 1000005
[2020-02-12 11:12:28,966] INFO: [param_loader] ENABLE_VERIFY_DOOR_STATUS = False
[2020-02-12 11:12:28,966] INFO: [param_loader] CLOSE_EYE_WAIT_DOOR_SEC = 3
[2020-02-12 11:12:28,966] INFO: [param_loader] XBEE_HOST_IP = 195.0.0.13
[2020-02-12 11:12:59,039] INFO: [param_loader] table = {'1': [1, 3],
 '2': [1, 7],
 '3': [1, 8],
 '4': [1, 9],
 'close': [1, 1],
 'open': [1, 2]}
[2020-02-12 11:12:59,040] INFO: [param_loader] AMR_URI = http://192.168.30.48:6060/
[2020-02-12 11:12:59,040] INFO: [param_loader] AMR_MQTT_NAME = ['AMR250_TEST']
[2020-02-12 11:12:59,040] INFO: [param_loader] AMR_MQTT_NAME = elevator_server
[2020-02-12 11:12:59,040] INFO: [param_loader] BROKER_IP = iot.eclipse.org
[2020-02-12 11:12:59,040] INFO: [param_loader] NOTIFY_MAX_RETRY_TIME = 60
[2020-02-12 11:12:59,040] INFO: [param_loader] REC_TIMEOUT = 0.1
[2020-02-12 11:12:59,040] INFO: [param_loader] IS_VERBOSE = False
[2020-02-12 11:12:59,040] INFO: [param_loader] IS_SIMULATION = False
[2020-02-12 11:12:59,040] INFO: [param_loader] DOOR_OPEN_LIMIT_TIME = 60.0
[2020-02-12 11:12:59,040] INFO: [param_loader] WAIT_REACH_LIMIT_TIME = 300.0
[2020-02-12 11:12:59,040] INFO: [param_loader] SLIENCE_MIN_COUNTER = 5
[2020-02-12 11:12:59,040] INFO: [param_loader] FLOOR_LED_CONFIRMATION_MAX_TIME = [2, 2]
[2020-02-12 11:12:59,040] INFO: [param_loader] FLOOR_LED_CONFIRMATION_MIN_TIME = [0.5, 0.5]
[2020-02-12 11:12:59,040] INFO: [param_loader] WAIT_DOOR_LIMIT = 20
[2020-02-12 11:12:59,040] INFO: [param_loader] is_using_rss = False
[2020-02-12 11:12:59,040] INFO: [param_loader] IS_USING_MQTT = True
[2020-02-12 11:12:59,040] INFO: [param_loader] IS_USING_HTTP = True
[2020-02-12 11:12:59,040] INFO: [param_loader] IS_USING_XBEE = False
[2020-02-12 11:12:59,040] INFO: [param_loader] CORP_ID = ww0692f024800a89da
[2020-02-12 11:12:59,040] INFO: [param_loader] CORP_SECRET = aKA9FsvaU02m5UH4uuYKOq3KGcud2UqXDJoaPhlzDjg
[2020-02-12 11:12:59,040] INFO: [param_loader] AGENT_ID = 1000005
[2020-02-12 11:12:59,041] INFO: [param_loader] ENABLE_VERIFY_DOOR_STATUS = False
[2020-02-12 11:12:59,041] INFO: [param_loader] CLOSE_EYE_WAIT_DOOR_SEC = 3
[2020-02-12 11:12:59,041] INFO: [param_loader] XBEE_HOST_IP = 195.0.0.13
[2020-02-12 11:13:31,734] INFO: [param_loader] table = {'1': [1, 3],
 '2': [1, 7],
 '3': [1, 8],
 '4': [1, 9],
 'close': [1, 1],
 'open': [1, 2]}
[2020-02-12 11:13:31,734] INFO: [param_loader] AMR_URI = http://192.168.30.48:6060/
[2020-02-12 11:13:31,734] INFO: [param_loader] AMR_MQTT_NAME = ['AMR250_TEST']
[2020-02-12 11:13:31,734] INFO: [param_loader] AMR_MQTT_NAME = elevator_server
[2020-02-12 11:13:31,734] INFO: [param_loader] BROKER_IP = iot.eclipse.org
[2020-02-12 11:13:31,734] INFO: [param_loader] NOTIFY_MAX_RETRY_TIME = 60
[2020-02-12 11:13:31,734] INFO: [param_loader] REC_TIMEOUT = 0.1
[2020-02-12 11:13:31,734] INFO: [param_loader] IS_VERBOSE = False
[2020-02-12 11:13:31,734] INFO: [param_loader] IS_SIMULATION = False
[2020-02-12 11:13:31,735] INFO: [param_loader] DOOR_OPEN_LIMIT_TIME = 60.0
[2020-02-12 11:13:31,735] INFO: [param_loader] WAIT_REACH_LIMIT_TIME = 300.0
[2020-02-12 11:13:31,735] INFO: [param_loader] SLIENCE_MIN_COUNTER = 5
[2020-02-12 11:13:31,735] INFO: [param_loader] FLOOR_LED_CONFIRMATION_MAX_TIME = [2, 2]
[2020-02-12 11:13:31,735] INFO: [param_loader] FLOOR_LED_CONFIRMATION_MIN_TIME = [0.5, 0.5]
[2020-02-12 11:13:31,735] INFO: [param_loader] WAIT_DOOR_LIMIT = 20
[2020-02-12 11:13:31,735] INFO: [param_loader] is_using_rss = False
[2020-02-12 11:13:31,735] INFO: [param_loader] IS_USING_MQTT = True
[2020-02-12 11:13:31,735] INFO: [param_loader] IS_USING_HTTP = True
[2020-02-12 11:13:31,735] INFO: [param_loader] IS_USING_XBEE = False
[2020-02-12 11:13:31,735] INFO: [param_loader] CORP_ID = ww0692f024800a89da
[2020-02-12 11:13:31,735] INFO: [param_loader] CORP_SECRET = aKA9FsvaU02m5UH4uuYKOq3KGcud2UqXDJoaPhlzDjg
[2020-02-12 11:13:31,735] INFO: [param_loader] AGENT_ID = 1000005
[2020-02-12 11:13:31,735] INFO: [param_loader] ENABLE_VERIFY_DOOR_STATUS = False
[2020-02-12 11:13:31,735] INFO: [param_loader] CLOSE_EYE_WAIT_DOOR_SEC = 3
[2020-02-12 11:13:31,735] INFO: [param_loader] XBEE_HOST_IP = 195.0.0.13
[2020-02-12 11:13:35,514] INFO: [param_loader] table = {'1': [1, 3],
 '2': [1, 7],
 '3': [1, 8],
 '4': [1, 9],
 'close': [1, 1],
 'open': [1, 2]}
[2020-02-12 11:13:35,515] INFO: [param_loader] AMR_URI = http://192.168.30.48:6060/
[2020-02-12 11:13:35,515] INFO: [param_loader] AMR_MQTT_NAME = ['AMR250_TEST']
[2020-02-12 11:13:35,515] INFO: [param_loader] AMR_MQTT_NAME = elevator_server
[2020-02-12 11:13:35,515] INFO: [param_loader] BROKER_IP = iot.eclipse.org
[2020-02-12 11:13:35,515] INFO: [param_loader] NOTIFY_MAX_RETRY_TIME = 60
[2020-02-12 11:13:35,515] INFO: [param_loader] REC_TIMEOUT = 0.1
[2020-02-12 11:13:35,515] INFO: [param_loader] IS_VERBOSE = False
[2020-02-12 11:13:35,515] INFO: [param_loader] IS_SIMULATION = False
[2020-02-12 11:13:35,515] INFO: [param_loader] DOOR_OPEN_LIMIT_TIME = 60.0
[2020-02-12 11:13:35,515] INFO: [param_loader] WAIT_REACH_LIMIT_TIME = 300.0
[2020-02-12 11:13:35,515] INFO: [param_loader] SLIENCE_MIN_COUNTER = 5
[2020-02-12 11:13:35,515] INFO: [param_loader] FLOOR_LED_CONFIRMATION_MAX_TIME = [2, 2]
[2020-02-12 11:13:35,515] INFO: [param_loader] FLOOR_LED_CONFIRMATION_MIN_TIME = [0.5, 0.5]
[2020-02-12 11:13:35,515] INFO: [param_loader] WAIT_DOOR_LIMIT = 20
[2020-02-12 11:13:35,515] INFO: [param_loader] is_using_rss = False
[2020-02-12 11:13:35,515] INFO: [param_loader] IS_USING_MQTT = True
[2020-02-12 11:13:35,515] INFO: [param_loader] IS_USING_HTTP = True
[2020-02-12 11:13:35,515] INFO: [param_loader] IS_USING_XBEE = False
[2020-02-12 11:13:35,515] INFO: [param_loader] CORP_ID = ww0692f024800a89da
[2020-02-12 11:13:35,515] INFO: [param_loader] CORP_SECRET = aKA9FsvaU02m5UH4uuYKOq3KGcud2UqXDJoaPhlzDjg
[2020-02-12 11:13:35,516] INFO: [param_loader] AGENT_ID = 1000005
[2020-02-12 11:13:35,516] INFO: [param_loader] ENABLE_VERIFY_DOOR_STATUS = False
[2020-02-12 11:13:35,516] INFO: [param_loader] CLOSE_EYE_WAIT_DOOR_SEC = 3
[2020-02-12 11:13:35,516] INFO: [param_loader] XBEE_HOST_IP = 195.0.0.13
[2020-02-12 11:14:30,772] INFO: [param_loader] table = {'1': [1, 3],
 '2': [1, 7],
 '3': [1, 8],
 '4': [1, 9],
 'close': [1, 1],
 'open': [1, 2]}
[2020-02-12 11:14:30,773] INFO: [param_loader] AMR_URI = http://192.168.30.48:6060/
[2020-02-12 11:14:30,773] INFO: [param_loader] AMR_MQTT_NAME = ['AMR250_TEST']
[2020-02-12 11:14:30,773] INFO: [param_loader] AMR_MQTT_NAME = elevator_server
[2020-02-12 11:14:30,773] INFO: [param_loader] BROKER_IP = iot.eclipse.org
[2020-02-12 11:14:30,773] INFO: [param_loader] NOTIFY_MAX_RETRY_TIME = 60
[2020-02-12 11:14:30,773] INFO: [param_loader] REC_TIMEOUT = 0.1
[2020-02-12 11:14:30,773] INFO: [param_loader] IS_VERBOSE = False
[2020-02-12 11:14:30,773] INFO: [param_loader] IS_SIMULATION = False
[2020-02-12 11:14:30,773] INFO: [param_loader] DOOR_OPEN_LIMIT_TIME = 60.0
[2020-02-12 11:14:30,773] INFO: [param_loader] WAIT_REACH_LIMIT_TIME = 300.0
[2020-02-12 11:14:30,773] INFO: [param_loader] SLIENCE_MIN_COUNTER = 5
[2020-02-12 11:14:30,773] INFO: [param_loader] FLOOR_LED_CONFIRMATION_MAX_TIME = [2, 2]
[2020-02-12 11:14:30,773] INFO: [param_loader] FLOOR_LED_CONFIRMATION_MIN_TIME = [0.5, 0.5]
[2020-02-12 11:14:30,773] INFO: [param_loader] WAIT_DOOR_LIMIT = 20
[2020-02-12 11:14:30,773] INFO: [param_loader] is_using_rss = False
[2020-02-12 11:14:30,773] INFO: [param_loader] IS_USING_MQTT = True
[2020-02-12 11:14:30,773] INFO: [param_loader] IS_USING_HTTP = True
[2020-02-12 11:14:30,773] INFO: [param_loader] IS_USING_XBEE = False
[2020-02-12 11:14:30,773] INFO: [param_loader] CORP_ID = ww0692f024800a89da
[2020-02-12 11:14:30,774] INFO: [param_loader] CORP_SECRET = aKA9FsvaU02m5UH4uuYKOq3KGcud2UqXDJoaPhlzDjg
[2020-02-12 11:14:30,774] INFO: [param_loader] AGENT_ID = 1000005
[2020-02-12 11:14:30,774] INFO: [param_loader] ENABLE_VERIFY_DOOR_STATUS = False
[2020-02-12 11:14:30,774] INFO: [param_loader] CLOSE_EYE_WAIT_DOOR_SEC = 3
[2020-02-12 11:14:30,774] INFO: [param_loader] XBEE_HOST_IP = 195.0.0.13
[2020-02-12 11:14:42,790] INFO: [param_loader] table = {'1': [1, 3],
 '2': [1, 7],
 '3': [1, 8],
 '4': [1, 9],
 'close': [1, 1],
 'open': [1, 2]}
[2020-02-12 11:14:42,790] INFO: [param_loader] AMR_URI = http://192.168.30.48:6060/
[2020-02-12 11:14:42,790] INFO: [param_loader] AMR_MQTT_NAME = ['AMR250_TEST']
[2020-02-12 11:14:42,790] INFO: [param_loader] AMR_MQTT_NAME = elevator_server
[2020-02-12 11:14:42,790] INFO: [param_loader] BROKER_IP = iot.eclipse.org
[2020-02-12 11:14:42,790] INFO: [param_loader] NOTIFY_MAX_RETRY_TIME = 60
[2020-02-12 11:14:42,790] INFO: [param_loader] REC_TIMEOUT = 0.1
[2020-02-12 11:14:42,790] INFO: [param_loader] IS_VERBOSE = False
[2020-02-12 11:14:42,790] INFO: [param_loader] IS_SIMULATION = False
[2020-02-12 11:14:42,790] INFO: [param_loader] DOOR_OPEN_LIMIT_TIME = 60.0
[2020-02-12 11:14:42,790] INFO: [param_loader] WAIT_REACH_LIMIT_TIME = 300.0
[2020-02-12 11:14:42,790] INFO: [param_loader] SLIENCE_MIN_COUNTER = 5
[2020-02-12 11:14:42,790] INFO: [param_loader] FLOOR_LED_CONFIRMATION_MAX_TIME = [2, 2]
[2020-02-12 11:14:42,791] INFO: [param_loader] FLOOR_LED_CONFIRMATION_MIN_TIME = [0.5, 0.5]
[2020-02-12 11:14:42,791] INFO: [param_loader] WAIT_DOOR_LIMIT = 20
[2020-02-12 11:14:42,791] INFO: [param_loader] is_using_rss = False
[2020-02-12 11:14:42,791] INFO: [param_loader] IS_USING_MQTT = True
[2020-02-12 11:14:42,791] INFO: [param_loader] IS_USING_HTTP = True
[2020-02-12 11:14:42,791] INFO: [param_loader] IS_USING_XBEE = False
[2020-02-12 11:14:42,791] INFO: [param_loader] CORP_ID = ww0692f024800a89da
[2020-02-12 11:14:42,791] INFO: [param_loader] CORP_SECRET = aKA9FsvaU02m5UH4uuYKOq3KGcud2UqXDJoaPhlzDjg
[2020-02-12 11:14:42,791] INFO: [param_loader] AGENT_ID = 1000005
[2020-02-12 11:14:42,791] INFO: [param_loader] ENABLE_VERIFY_DOOR_STATUS = False
[2020-02-12 11:14:42,791] INFO: [param_loader] CLOSE_EYE_WAIT_DOOR_SEC = 3
[2020-02-12 11:14:42,791] INFO: [param_loader] XBEE_HOST_IP = 195.0.0.13
[2020-02-12 11:26:11,413] INFO: [param_loader] table = {'1': [1, 3],
 '2': [1, 7],
 '3': [1, 8],
 '4': [1, 9],
 'close': [1, 1],
 'open': [1, 2]}
[2020-02-12 11:26:11,413] INFO: [param_loader] AMR_URI = http://192.168.30.48:6060/
[2020-02-12 11:26:11,413] INFO: [param_loader] AMR_MQTT_NAME = ['AMR250_TEST']
[2020-02-12 11:26:11,413] INFO: [param_loader] AMR_MQTT_NAME = elevator_server
[2020-02-12 11:26:11,413] INFO: [param_loader] BROKER_IP = iot.eclipse.org
[2020-02-12 11:26:11,413] INFO: [param_loader] NOTIFY_MAX_RETRY_TIME = 60
[2020-02-12 11:26:11,413] INFO: [param_loader] REC_TIMEOUT = 0.1
[2020-02-12 11:26:11,413] INFO: [param_loader] IS_VERBOSE = False
[2020-02-12 11:26:11,413] INFO: [param_loader] IS_SIMULATION = True
[2020-02-12 11:26:11,413] INFO: [param_loader] DOOR_OPEN_LIMIT_TIME = 60.0
[2020-02-12 11:26:11,413] INFO: [param_loader] WAIT_REACH_LIMIT_TIME = 300.0
[2020-02-12 11:26:11,413] INFO: [param_loader] SLIENCE_MIN_COUNTER = 5
[2020-02-12 11:26:11,413] INFO: [param_loader] FLOOR_LED_CONFIRMATION_MAX_TIME = [2, 2]
[2020-02-12 11:26:11,414] INFO: [param_loader] FLOOR_LED_CONFIRMATION_MIN_TIME = [0.5, 0.5]
[2020-02-12 11:26:11,414] INFO: [param_loader] WAIT_DOOR_LIMIT = 20
[2020-02-12 11:26:11,414] INFO: [param_loader] is_using_rss = False
[2020-02-12 11:26:11,414] INFO: [param_loader] IS_USING_MQTT = True
[2020-02-12 11:26:11,414] INFO: [param_loader] IS_USING_HTTP = True
[2020-02-12 11:26:11,414] INFO: [param_loader] IS_USING_XBEE = False
[2020-02-12 11:26:11,414] INFO: [param_loader] CORP_ID = ww0692f024800a89da
[2020-02-12 11:26:11,414] INFO: [param_loader] CORP_SECRET = aKA9FsvaU02m5UH4uuYKOq3KGcud2UqXDJoaPhlzDjg
[2020-02-12 11:26:11,414] INFO: [param_loader] AGENT_ID = 1000005
[2020-02-12 11:26:11,414] INFO: [param_loader] ENABLE_VERIFY_DOOR_STATUS = False
[2020-02-12 11:26:11,414] INFO: [param_loader] CLOSE_EYE_WAIT_DOOR_SEC = 3
[2020-02-12 11:26:11,414] INFO: [param_loader] XBEE_HOST_IP = 195.0.0.13
[2020-02-12 11:26:27,444] INFO: [param_loader] table = {'1': [1, 3],
 '2': [1, 7],
 '3': [1, 8],
 '4': [1, 9],
 'close': [1, 1],
 'open': [1, 2]}
[2020-02-12 11:26:27,444] INFO: [param_loader] AMR_URI = http://192.168.30.48:6060/
[2020-02-12 11:26:27,444] INFO: [param_loader] AMR_MQTT_NAME = ['AMR250_TEST']
[2020-02-12 11:26:27,444] INFO: [param_loader] AMR_MQTT_NAME = elevator_server
[2020-02-12 11:26:27,444] INFO: [param_loader] BROKER_IP = iot.eclipse.org
[2020-02-12 11:26:27,444] INFO: [param_loader] NOTIFY_MAX_RETRY_TIME = 60
[2020-02-12 11:26:27,444] INFO: [param_loader] REC_TIMEOUT = 0.1
[2020-02-12 11:26:27,444] INFO: [param_loader] IS_VERBOSE = False
[2020-02-12 11:26:27,444] INFO: [param_loader] IS_SIMULATION = True
[2020-02-12 11:26:27,444] INFO: [param_loader] DOOR_OPEN_LIMIT_TIME = 60.0
[2020-02-12 11:26:27,444] INFO: [param_loader] WAIT_REACH_LIMIT_TIME = 300.0
[2020-02-12 11:26:27,444] INFO: [param_loader] SLIENCE_MIN_COUNTER = 5
[2020-02-12 11:26:27,444] INFO: [param_loader] FLOOR_LED_CONFIRMATION_MAX_TIME = [2, 2]
[2020-02-12 11:26:27,444] INFO: [param_loader] FLOOR_LED_CONFIRMATION_MIN_TIME = [0.5, 0.5]
[2020-02-12 11:26:27,444] INFO: [param_loader] WAIT_DOOR_LIMIT = 20
[2020-02-12 11:26:27,444] INFO: [param_loader] is_using_rss = False
[2020-02-12 11:26:27,444] INFO: [param_loader] IS_USING_MQTT = True
[2020-02-12 11:26:27,445] INFO: [param_loader] IS_USING_HTTP = True
[2020-02-12 11:26:27,445] INFO: [param_loader] IS_USING_XBEE = False
[2020-02-12 11:26:27,445] INFO: [param_loader] CORP_ID = ww0692f024800a89da
[2020-02-12 11:26:27,445] INFO: [param_loader] CORP_SECRET = aKA9FsvaU02m5UH4uuYKOq3KGcud2UqXDJoaPhlzDjg
[2020-02-12 11:26:27,445] INFO: [param_loader] AGENT_ID = 1000005
[2020-02-12 11:26:27,445] INFO: [param_loader] ENABLE_VERIFY_DOOR_STATUS = False
[2020-02-12 11:26:27,445] INFO: [param_loader] CLOSE_EYE_WAIT_DOOR_SEC = 3
[2020-02-12 11:26:27,445] INFO: [param_loader] XBEE_HOST_IP = 195.0.0.13
[2020-02-12 11:26:37,218] INFO: [param_loader] table = {'1': [1, 3],
 '2': [1, 7],
 '3': [1, 8],
 '4': [1, 9],
 'close': [1, 1],
 'open': [1, 2]}
[2020-02-12 11:26:37,218] INFO: [param_loader] AMR_URI = http://192.168.30.48:6060/
[2020-02-12 11:26:37,218] INFO: [param_loader] AMR_MQTT_NAME = ['AMR250_TEST']
[2020-02-12 11:26:37,218] INFO: [param_loader] AMR_MQTT_NAME = elevator_server
[2020-02-12 11:26:37,218] INFO: [param_loader] BROKER_IP = iot.eclipse.org
[2020-02-12 11:26:37,218] INFO: [param_loader] NOTIFY_MAX_RETRY_TIME = 60
[2020-02-12 11:26:37,218] INFO: [param_loader] REC_TIMEOUT = 0.1
[2020-02-12 11:26:37,218] INFO: [param_loader] IS_VERBOSE = False
[2020-02-12 11:26:37,218] INFO: [param_loader] IS_SIMULATION = True
[2020-02-12 11:26:37,218] INFO: [param_loader] DOOR_OPEN_LIMIT_TIME = 60.0
[2020-02-12 11:26:37,218] INFO: [param_loader] WAIT_REACH_LIMIT_TIME = 300.0
[2020-02-12 11:26:37,218] INFO: [param_loader] SLIENCE_MIN_COUNTER = 5
[2020-02-12 11:26:37,218] INFO: [param_loader] FLOOR_LED_CONFIRMATION_MAX_TIME = [2, 2]
[2020-02-12 11:26:37,219] INFO: [param_loader] FLOOR_LED_CONFIRMATION_MIN_TIME = [0.5, 0.5]
[2020-02-12 11:26:37,219] INFO: [param_loader] WAIT_DOOR_LIMIT = 20
[2020-02-12 11:26:37,219] INFO: [param_loader] is_using_rss = False
[2020-02-12 11:26:37,219] INFO: [param_loader] IS_USING_MQTT = True
[2020-02-12 11:26:37,219] INFO: [param_loader] IS_USING_HTTP = True
[2020-02-12 11:26:37,219] INFO: [param_loader] IS_USING_XBEE = False
[2020-02-12 11:26:37,219] INFO: [param_loader] CORP_ID = ww0692f024800a89da
[2020-02-12 11:26:37,219] INFO: [param_loader] CORP_SECRET = aKA9FsvaU02m5UH4uuYKOq3KGcud2UqXDJoaPhlzDjg
[2020-02-12 11:26:37,219] INFO: [param_loader] AGENT_ID = 1000005
[2020-02-12 11:26:37,219] INFO: [param_loader] ENABLE_VERIFY_DOOR_STATUS = False
[2020-02-12 11:26:37,219] INFO: [param_loader] CLOSE_EYE_WAIT_DOOR_SEC = 3
[2020-02-12 11:26:37,219] INFO: [param_loader] XBEE_HOST_IP = 195.0.0.13
